# JRE version: OpenJDK Runtime Environment (8.0_152) (build 1.8.0_152-release-1343-b16-5323222)
# Java VM: OpenJDK 64-Bit Server VM (25.152-b16-5323222 mixed mode linux-amd64 compressed oops)
Heap:
 PSYoungGen      total 454144K, used 46026K [0x00000000d5580000, 0x00000000f8880000, 0x0000000100000000)
  eden space 336896K, 0% used [0x00000000d5580000,0x00000000d5580000,0x00000000e9e80000)
  from space 117248K, 39% used [0x00000000e9e80000,0x00000000ecb72bd8,0x00000000f1100000)
  to   space 114688K, 0% used [0x00000000f1100000,0x00000000f1100000,0x00000000f8100000)
 ParOldGen       total 239104K, used 171053K [0x0000000080000000, 0x000000008e980000, 0x00000000d5580000)
  object space 239104K, 71% used [0x0000000080000000,0x000000008a70b6b8,0x000000008e980000)
 Metaspace       used 69297K, capacity 71151K, committed 71448K, reserved 1112064K
  class space    used 7765K, capacity 8171K, committed 8240K, reserved 1048576K
GC Heap History (10 events):
Event: 52.384 GC heap after
Heap after GC invocations=22 (full 4):
 PSYoungGen      total 318464K, used 53170K [0x00000000d5580000, 0x00000000edd80000, 0x0000000100000000)
  eden space 253952K, 0% used [0x00000000d5580000,0x00000000d5580000,0x00000000e4d80000)
  from space 64512K, 82% used [0x00000000e9e80000,0x00000000ed26c938,0x00000000edd80000)
  to   space 73728K, 0% used [0x00000000e4d80000,0x00000000e4d80000,0x00000000e9580000)
 ParOldGen       total 239104K, used 114894K [0x0000000080000000, 0x000000008e980000, 0x00000000d5580000)
  object space 239104K, 48% used [0x0000000080000000,0x0000000087033910,0x000000008e980000)
 Metaspace       used 59989K, capacity 61607K, committed 61976K, reserved 1103872K
  class space    used 6983K, capacity 7351K, committed 7472K, reserved 1048576K
}
Event: 56.519 GC heap before
{Heap before GC invocations=23 (full 4):
 PSYoungGen      total 318464K, used 307122K [0x00000000d5580000, 0x00000000edd80000, 0x0000000100000000)
  eden space 253952K, 100% used [0x00000000d5580000,0x00000000e4d80000,0x00000000e4d80000)
  from space 64512K, 82% used [0x00000000e9e80000,0x00000000ed26c938,0x00000000edd80000)
  to   space 73728K, 0% used [0x00000000e4d80000,0x00000000e4d80000,0x00000000e9580000)
 ParOldGen       total 239104K, used 114894K [0x0000000080000000, 0x000000008e980000, 0x00000000d5580000)
  object space 239104K, 48% used [0x0000000080000000,0x0000000087033910,0x000000008e980000)
 Metaspace       used 63106K, capacity 64731K, committed 65048K, reserved 1105920K
  class space    used 7281K, capacity 7651K, committed 7728K, reserved 1048576K
Event: 56.649 GC heap after
Heap after GC invocations=23 (full 4):
 PSYoungGen      total 327680K, used 73701K [0x00000000d5580000, 0x00000000f2080000, 0x0000000100000000)
  eden space 253952K, 0% used [0x00000000d5580000,0x00000000d5580000,0x00000000e4d80000)
  from space 73728K, 99% used [0x00000000e4d80000,0x00000000e95797a8,0x00000000e9580000)
  to   space 87552K, 0% used [0x00000000ecb00000,0x00000000ecb00000,0x00000000f2080000)
 ParOldGen       total 239104K, used 121493K [0x0000000080000000, 0x000000008e980000, 0x00000000d5580000)
  object space 239104K, 50% used [0x0000000080000000,0x00000000876a55e8,0x000000008e980000)
 Metaspace       used 63106K, capacity 64731K, committed 65048K, reserved 1105920K
  class space    used 7281K, capacity 7651K, committed 7728K, reserved 1048576K
}
Event: 60.305 GC heap before
{Heap before GC invocations=24 (full 4):
 PSYoungGen      total 327680K, used 327653K [0x00000000d5580000, 0x00000000f2080000, 0x0000000100000000)
  eden space 253952K, 100% used [0x00000000d5580000,0x00000000e4d80000,0x00000000e4d80000)
  from space 73728K, 99% used [0x00000000e4d80000,0x00000000e95797a8,0x00000000e9580000)
  to   space 87552K, 0% used [0x00000000ecb00000,0x00000000ecb00000,0x00000000f2080000)
 ParOldGen       total 239104K, used 121493K [0x0000000080000000, 0x000000008e980000, 0x00000000d5580000)
  object space 239104K, 50% used [0x0000000080000000,0x00000000876a55e8,0x000000008e980000)
 Metaspace       used 67981K, capacity 69781K, committed 70168K, reserved 1112064K
  class space    used 7717K, capacity 8120K, committed 8240K, reserved 1048576K
Event: 60.508 GC heap after
Heap after GC invocations=24 (full 4):
 PSYoungGen      total 366080K, used 87524K [0x00000000d5580000, 0x00000000f4680000, 0x0000000100000000)
  eden space 278528K, 0% used [0x00000000d5580000,0x00000000d5580000,0x00000000e6580000)
  from space 87552K, 99% used [0x00000000ecb00000,0x00000000f2079270,0x00000000f2080000)
  to   space 103936K, 0% used [0x00000000e6580000,0x00000000e6580000,0x00000000ecb00000)
 ParOldGen       total 239104K, used 126697K [0x0000000080000000, 0x000000008e980000, 0x00000000d5580000)
  object space 239104K, 52% used [0x0000000080000000,0x0000000087bba758,0x000000008e980000)
 Metaspace       used 67981K, capacity 69781K, committed 70168K, reserved 1112064K
  class space    used 7717K, capacity 8120K, committed 8240K, reserved 1048576K
}
Event: 61.678 GC heap before
{Heap before GC invocations=25 (full 4):
 PSYoungGen      total 366080K, used 366052K [0x00000000d5580000, 0x00000000f4680000, 0x0000000100000000)
  eden space 278528K, 100% used [0x00000000d5580000,0x00000000e6580000,0x00000000e6580000)
  from space 87552K, 99% used [0x00000000ecb00000,0x00000000f2079270,0x00000000f2080000)
  to   space 103936K, 0% used [0x00000000e6580000,0x00000000e6580000,0x00000000ecb00000)
 ParOldGen       total 239104K, used 126697K [0x0000000080000000, 0x000000008e980000, 0x00000000d5580000)
  object space 239104K, 52% used [0x0000000080000000,0x0000000087bba758,0x000000008e980000)
 Metaspace       used 68132K, capacity 69909K, committed 70168K, reserved 1112064K
  class space    used 7725K, capacity 8120K, committed 8240K, reserved 1048576K
Event: 61.787 GC heap after
Heap after GC invocations=25 (full 4):
 PSYoungGen      total 382464K, used 87172K [0x00000000d5580000, 0x00000000f8100000, 0x0000000100000000)
  eden space 278528K, 0% used [0x00000000d5580000,0x00000000d5580000,0x00000000e6580000)
  from space 103936K, 83% used [0x00000000e6580000,0x00000000ebaa1168,0x00000000ecb00000)
  to   space 114688K, 0% used [0x00000000f1100000,0x00000000f1100000,0x00000000f8100000)
 ParOldGen       total 239104K, used 126737K [0x0000000080000000, 0x000000008e980000, 0x00000000d5580000)
  object space 239104K, 53% used [0x0000000080000000,0x0000000087bc4758,0x000000008e980000)
 Metaspace       used 68132K, capacity 69909K, committed 70168K, reserved 1112064K
  class space    used 7725K, capacity 8120K, committed 8240K, reserved 1048576K
}
Event: 64.696 GC heap before
{Heap before GC invocations=26 (full 4):
 PSYoungGen      total 382464K, used 365700K [0x00000000d5580000, 0x00000000f8100000, 0x0000000100000000)
  eden space 278528K, 100% used [0x00000000d5580000,0x00000000e6580000,0x00000000e6580000)
  from space 103936K, 83% used [0x00000000e6580000,0x00000000ebaa1168,0x00000000ecb00000)
  to   space 114688K, 0% used [0x00000000f1100000,0x00000000f1100000,0x00000000f8100000)
 ParOldGen       total 239104K, used 126737K [0x0000000080000000, 0x000000008e980000, 0x00000000d5580000)
  object space 239104K, 53% used [0x0000000080000000,0x0000000087bc4758,0x000000008e980000)
 Metaspace       used 68921K, capacity 70803K, committed 70936K, reserved 1112064K
  class space    used 7757K, capacity 8165K, committed 8240K, reserved 1048576K
Event: 64.887 GC heap after
Heap after GC invocations=26 (full 4):
 PSYoungGen      total 451584K, used 71487K [0x00000000d5580000, 0x00000000f8880000, 0x0000000100000000)
  eden space 336896K, 0% used [0x00000000d5580000,0x00000000d5580000,0x00000000e9e80000)
  from space 114688K, 62% used [0x00000000f1100000,0x00000000f56cfc00,0x00000000f8100000)
  to   space 117248K, 0% used [0x00000000e9e80000,0x00000000e9e80000,0x00000000f1100000)
 ParOldGen       total 239104K, used 144151K [0x0000000080000000, 0x000000008e980000, 0x00000000d5580000)
  object space 239104K, 60% used [0x0000000080000000,0x0000000088cc5f60,0x000000008e980000)
 Metaspace       used 68921K, capacity 70803K, committed 70936K, reserved 1112064K
  class space    used 7757K, capacity 8165K, committed 8240K, reserved 1048576K
}
Event: 67.735 GC heap before
{Heap before GC invocations=27 (full 4):
 PSYoungGen      total 451584K, used 408383K [0x00000000d5580000, 0x00000000f8880000, 0x0000000100000000)
  eden space 336896K, 100% used [0x00000000d5580000,0x00000000e9e80000,0x00000000e9e80000)
  from space 114688K, 62% used [0x00000000f1100000,0x00000000f56cfc00,0x00000000f8100000)
  to   space 117248K, 0% used [0x00000000e9e80000,0x00000000e9e80000,0x00000000f1100000)
 ParOldGen       total 239104K, used 144151K [0x0000000080000000, 0x000000008e980000, 0x00000000d5580000)
  object space 239104K, 60% used [0x0000000080000000,0x0000000088cc5f60,0x000000008e980000)
 Metaspace       used 69297K, capacity 71151K, committed 71448K, reserved 1112064K
  class space    used 7765K, capacity 8171K, committed 8240K, reserved 1048576K

