# JRE version: OpenJDK Runtime Environment (8.0_152) (build 1.8.0_152-release-1343-b16-5323222)
# Java VM: OpenJDK 64-Bit Server VM (25.152-b16-5323222 mixed mode linux-amd64 compressed oops)
Heap:
 PSYoungGen      total 348672K, used 86502K [0x00000000d5580000, 0x00000000f4b80000, 0x0000000100000000)
  eden space 262144K, 0% used [0x00000000d5580000,0x00000000d5580000,0x00000000e5580000)
  from space 86528K, 99% used [0x00000000ef700000,0x00000000f4b79a18,0x00000000f4b80000)
  to   space 59392K, 0% used [0x00000000e5580000,0x00000000e5580000,0x00000000e8f80000)
 ParOldGen       total 229888K, used 229808K [0x0000000080000000, 0x000000008e080000, 0x00000000d5580000)
  object space 229888K, 99% used [0x0000000080000000,0x000000008e06c1e0,0x000000008e080000)
 Metaspace       used 79458K, capacity 81218K, committed 81664K, reserved 1122304K
  class space    used 9218K, capacity 9608K, committed 9728K, reserved 1048576K
GC Heap History (10 events):
Event: 19.320 GC heap after
Heap after GC invocations=15 (full 4):
 PSYoungGen      total 214016K, used 4190K [0x00000000d5580000, 0x00000000e8f00000, 0x0000000100000000)
  eden space 168960K, 0% used [0x00000000d5580000,0x00000000d5580000,0x00000000dfa80000)
  from space 45056K, 9% used [0x00000000dfa80000,0x00000000dfe979c0,0x00000000e2680000)
  to   space 48640K, 0% used [0x00000000e5f80000,0x00000000e5f80000,0x00000000e8f00000)
 ParOldGen       total 210432K, used 100796K [0x0000000080000000, 0x000000008cd80000, 0x00000000d5580000)
  object space 210432K, 47% used [0x0000000080000000,0x000000008626f168,0x000000008cd80000)
 Metaspace       used 55978K, capacity 57076K, committed 57216K, reserved 1099776K
  class space    used 6769K, capacity 7031K, committed 7040K, reserved 1048576K
}
Event: 22.257 GC heap before
{Heap before GC invocations=16 (full 4):
 PSYoungGen      total 214016K, used 173150K [0x00000000d5580000, 0x00000000e8f00000, 0x0000000100000000)
  eden space 168960K, 100% used [0x00000000d5580000,0x00000000dfa80000,0x00000000dfa80000)
  from space 45056K, 9% used [0x00000000dfa80000,0x00000000dfe979c0,0x00000000e2680000)
  to   space 48640K, 0% used [0x00000000e5f80000,0x00000000e5f80000,0x00000000e8f00000)
 ParOldGen       total 210432K, used 100796K [0x0000000080000000, 0x000000008cd80000, 0x00000000d5580000)
  object space 210432K, 47% used [0x0000000080000000,0x000000008626f168,0x000000008cd80000)
 Metaspace       used 60805K, capacity 62394K, committed 62592K, reserved 1103872K
  class space    used 7181K, capacity 7536K, committed 7552K, reserved 1048576K
Event: 22.366 GC heap after
Heap after GC invocations=16 (full 4):
 PSYoungGen      total 257024K, used 15864K [0x00000000d5580000, 0x00000000e8500000, 0x0000000100000000)
  eden space 218624K, 0% used [0x00000000d5580000,0x00000000d5580000,0x00000000e2b00000)
  from space 38400K, 41% used [0x00000000e5f80000,0x00000000e6efe0c8,0x00000000e8500000)
  to   space 46080K, 0% used [0x00000000e2b00000,0x00000000e2b00000,0x00000000e5800000)
 ParOldGen       total 210432K, used 101923K [0x0000000080000000, 0x000000008cd80000, 0x00000000d5580000)
  object space 210432K, 48% used [0x0000000080000000,0x0000000086388d98,0x000000008cd80000)
 Metaspace       used 60805K, capacity 62394K, committed 62592K, reserved 1103872K
  class space    used 7181K, capacity 7536K, committed 7552K, reserved 1048576K
}
Event: 26.199 GC heap before
{Heap before GC invocations=17 (full 4):
 PSYoungGen      total 257024K, used 234488K [0x00000000d5580000, 0x00000000e8500000, 0x0000000100000000)
  eden space 218624K, 100% used [0x00000000d5580000,0x00000000e2b00000,0x00000000e2b00000)
  from space 38400K, 41% used [0x00000000e5f80000,0x00000000e6efe0c8,0x00000000e8500000)
  to   space 46080K, 0% used [0x00000000e2b00000,0x00000000e2b00000,0x00000000e5800000)
 ParOldGen       total 210432K, used 101923K [0x0000000080000000, 0x000000008cd80000, 0x00000000d5580000)
  object space 210432K, 48% used [0x0000000080000000,0x0000000086388d98,0x000000008cd80000)
 Metaspace       used 66113K, capacity 67680K, committed 67840K, reserved 1110016K
  class space    used 7743K, capacity 8093K, committed 8192K, reserved 1048576K
Event: 26.223 GC heap after
Heap after GC invocations=17 (full 4):
 PSYoungGen      total 264704K, used 5411K [0x00000000d5580000, 0x00000000ebc80000, 0x0000000100000000)
  eden space 218624K, 0% used [0x00000000d5580000,0x00000000d5580000,0x00000000e2b00000)
  from space 46080K, 11% used [0x00000000e2b00000,0x00000000e3048fe0,0x00000000e5800000)
  to   space 46080K, 0% used [0x00000000e8f80000,0x00000000e8f80000,0x00000000ebc80000)
 ParOldGen       total 210432K, used 110611K [0x0000000080000000, 0x000000008cd80000, 0x00000000d5580000)
  object space 210432K, 52% used [0x0000000080000000,0x0000000086c04e80,0x000000008cd80000)
 Metaspace       used 66113K, capacity 67680K, committed 67840K, reserved 1110016K
  class space    used 7743K, capacity 8093K, committed 8192K, reserved 1048576K
}
Event: 28.585 GC heap before
{Heap before GC invocations=18 (full 4):
 PSYoungGen      total 264704K, used 224035K [0x00000000d5580000, 0x00000000ebc80000, 0x0000000100000000)
  eden space 218624K, 100% used [0x00000000d5580000,0x00000000e2b00000,0x00000000e2b00000)
  from space 46080K, 11% used [0x00000000e2b00000,0x00000000e3048fe0,0x00000000e5800000)
  to   space 46080K, 0% used [0x00000000e8f80000,0x00000000e8f80000,0x00000000ebc80000)
 ParOldGen       total 210432K, used 110611K [0x0000000080000000, 0x000000008cd80000, 0x00000000d5580000)
  object space 210432K, 52% used [0x0000000080000000,0x0000000086c04e80,0x000000008cd80000)
 Metaspace       used 67806K, capacity 69542K, committed 69760K, reserved 1110016K
  class space    used 7876K, capacity 8270K, committed 8320K, reserved 1048576K
Event: 28.712 GC heap after
Heap after GC invocations=18 (full 4):
 PSYoungGen      total 308224K, used 46078K [0x00000000d5580000, 0x00000000edc80000, 0x0000000100000000)
  eden space 262144K, 0% used [0x00000000d5580000,0x00000000d5580000,0x00000000e5580000)
  from space 46080K, 99% used [0x00000000e8f80000,0x00000000ebc7f998,0x00000000ebc80000)
  to   space 59392K, 0% used [0x00000000e5580000,0x00000000e5580000,0x00000000e8f80000)
 ParOldGen       total 210432K, used 126865K [0x0000000080000000, 0x000000008cd80000, 0x00000000d5580000)
  object space 210432K, 60% used [0x0000000080000000,0x0000000087be4440,0x000000008cd80000)
 Metaspace       used 67806K, capacity 69542K, committed 69760K, reserved 1110016K
  class space    used 7876K, capacity 8270K, committed 8320K, reserved 1048576K
}
Event: 32.106 GC heap before
{Heap before GC invocations=19 (full 4):
 PSYoungGen      total 308224K, used 308222K [0x00000000d5580000, 0x00000000edc80000, 0x0000000100000000)
  eden space 262144K, 100% used [0x00000000d5580000,0x00000000e5580000,0x00000000e5580000)
  from space 46080K, 99% used [0x00000000e8f80000,0x00000000ebc7f998,0x00000000ebc80000)
  to   space 59392K, 0% used [0x00000000e5580000,0x00000000e5580000,0x00000000e8f80000)
 ParOldGen       total 210432K, used 126865K [0x0000000080000000, 0x000000008cd80000, 0x00000000d5580000)
  object space 210432K, 60% used [0x0000000080000000,0x0000000087be4440,0x000000008cd80000)
 Metaspace       used 76061K, capacity 77756K, committed 78080K, reserved 1118208K
  class space    used 8771K, capacity 9171K, committed 9216K, reserved 1048576K
Event: 32.276 GC heap after
Heap after GC invocations=19 (full 4):
 PSYoungGen      total 321536K, used 59390K [0x00000000d5580000, 0x00000000f4b80000, 0x0000000100000000)
  eden space 262144K, 0% used [0x00000000d5580000,0x00000000d5580000,0x00000000e5580000)
  from space 59392K, 99% used [0x00000000e5580000,0x00000000e8f7fba0,0x00000000e8f80000)
  to   space 86528K, 0% used [0x00000000ef700000,0x00000000ef700000,0x00000000f4b80000)
 ParOldGen       total 210432K, used 172559K [0x0000000080000000, 0x000000008cd80000, 0x00000000d5580000)
  object space 210432K, 82% used [0x0000000080000000,0x000000008a883cb0,0x000000008cd80000)
 Metaspace       used 76061K, capacity 77756K, committed 78080K, reserved 1118208K
  class space    used 8771K, capacity 9171K, committed 9216K, reserved 1048576K
}
Event: 34.760 GC heap before
{Heap before GC invocations=20 (full 4):
 PSYoungGen      total 321536K, used 321534K [0x00000000d5580000, 0x00000000f4b80000, 0x0000000100000000)
  eden space 262144K, 100% used [0x00000000d5580000,0x00000000e5580000,0x00000000e5580000)
  from space 59392K, 99% used [0x00000000e5580000,0x00000000e8f7fba0,0x00000000e8f80000)
  to   space 86528K, 0% used [0x00000000ef700000,0x00000000ef700000,0x00000000f4b80000)
 ParOldGen       total 210432K, used 172559K [0x0000000080000000, 0x000000008cd80000, 0x00000000d5580000)
  object space 210432K, 82% used [0x0000000080000000,0x000000008a883cb0,0x000000008cd80000)
 Metaspace       used 79458K, capacity 81218K, committed 81664K, reserved 1122304K
  class space    used 9218K, capacity 9608K, committed 9728K, reserved 1048576K

