# JRE version: OpenJDK Runtime Environment (8.0_152) (build 1.8.0_152-release-1343-b16-5323222)
# Java VM: OpenJDK 64-Bit Server VM (25.152-b16-5323222 mixed mode linux-amd64 compressed oops)
Heap:
 PSYoungGen      total 540160K, used 0K [0x00000000d5580000, 0x00000000ffa80000, 0x0000000100000000)
  eden space 401920K, 0% used [0x00000000d5580000,0x00000000d5580000,0x00000000ede00000)
  from space 138240K, 0% used [0x00000000ede00000,0x00000000ede00000,0x00000000f6500000)
  to   space 136704K, 0% used [0x00000000f7500000,0x00000000f7500000,0x00000000ffa80000)
 ParOldGen       total 597504K, used 245995K [0x0000000080000000, 0x00000000a4780000, 0x00000000d5580000)
  object space 597504K, 41% used [0x0000000080000000,0x000000008f03ad48,0x00000000a4780000)
 Metaspace       used 124435K, capacity 127530K, committed 146944K, reserved 1177600K
  class space    used 13633K, capacity 14290K, committed 18688K, reserved 1048576K
GC Heap History (10 events):
Event: 19668.492 GC heap after
Heap after GC invocations=172 (full 23):
 PSYoungGen      total 543744K, used 130639K [0x00000000d5580000, 0x0000000100000000, 0x0000000100000000)
  eden space 409088K, 0% used [0x00000000d5580000,0x00000000d5580000,0x00000000ee500000)
  from space 134656K, 97% used [0x00000000ee500000,0x00000000f6493fc8,0x00000000f6880000)
  to   space 152576K, 0% used [0x00000000f6b00000,0x00000000f6b00000,0x0000000100000000)
 ParOldGen       total 597504K, used 270751K [0x0000000080000000, 0x00000000a4780000, 0x00000000d5580000)
  object space 597504K, 45% used [0x0000000080000000,0x0000000090867fa8,0x00000000a4780000)
 Metaspace       used 132338K, capacity 135408K, committed 146944K, reserved 1177600K
  class space    used 14603K, capacity 15269K, committed 18688K, reserved 1048576K
}
Event: 19669.389 GC heap before
{Heap before GC invocations=173 (full 23):
 PSYoungGen      total 543744K, used 539727K [0x00000000d5580000, 0x0000000100000000, 0x0000000100000000)
  eden space 409088K, 100% used [0x00000000d5580000,0x00000000ee500000,0x00000000ee500000)
  from space 134656K, 97% used [0x00000000ee500000,0x00000000f6493fc8,0x00000000f6880000)
  to   space 152576K, 0% used [0x00000000f6b00000,0x00000000f6b00000,0x0000000100000000)
 ParOldGen       total 597504K, used 270751K [0x0000000080000000, 0x00000000a4780000, 0x00000000d5580000)
  object space 597504K, 45% used [0x0000000080000000,0x0000000090867fa8,0x00000000a4780000)
 Metaspace       used 132383K, capacity 135472K, committed 146944K, reserved 1177600K
  class space    used 14604K, capacity 15269K, committed 18688K, reserved 1048576K
Event: 19669.530 GC heap after
Heap after GC invocations=173 (full 23):
 PSYoungGen      total 551936K, used 76489K [0x00000000d5580000, 0x0000000100000000, 0x0000000100000000)
  eden space 399360K, 0% used [0x00000000d5580000,0x00000000d5580000,0x00000000edb80000)
  from space 152576K, 50% used [0x00000000f6b00000,0x00000000fb5b2460,0x0000000100000000)
  to   space 146944K, 0% used [0x00000000edb80000,0x00000000edb80000,0x00000000f6b00000)
 ParOldGen       total 597504K, used 342557K [0x0000000080000000, 0x00000000a4780000, 0x00000000d5580000)
  object space 597504K, 57% used [0x0000000080000000,0x0000000094e87788,0x00000000a4780000)
 Metaspace       used 132383K, capacity 135472K, committed 146944K, reserved 1177600K
  class space    used 14604K, capacity 15269K, committed 18688K, reserved 1048576K
}
Event: 19671.836 GC heap before
{Heap before GC invocations=174 (full 23):
 PSYoungGen      total 551936K, used 475849K [0x00000000d5580000, 0x0000000100000000, 0x0000000100000000)
  eden space 399360K, 100% used [0x00000000d5580000,0x00000000edb80000,0x00000000edb80000)
  from space 152576K, 50% used [0x00000000f6b00000,0x00000000fb5b2460,0x0000000100000000)
  to   space 146944K, 0% used [0x00000000edb80000,0x00000000edb80000,0x00000000f6b00000)
 ParOldGen       total 597504K, used 342557K [0x0000000080000000, 0x00000000a4780000, 0x00000000d5580000)
  object space 597504K, 57% used [0x0000000080000000,0x0000000094e87788,0x00000000a4780000)
 Metaspace       used 132791K, capacity 135940K, committed 146944K, reserved 1177600K
  class space    used 14653K, capacity 15341K, committed 18688K, reserved 1048576K
Event: 19672.000 GC heap after
Heap after GC invocations=174 (full 23):
 PSYoungGen      total 461312K, used 61563K [0x00000000d5580000, 0x00000000fee80000, 0x0000000100000000)
  eden space 399360K, 0% used [0x00000000d5580000,0x00000000d5580000,0x00000000edb80000)
  from space 61952K, 99% used [0x00000000edb80000,0x00000000f179eee8,0x00000000f1800000)
  to   space 140800K, 0% used [0x00000000f6500000,0x00000000f6500000,0x00000000fee80000)
 ParOldGen       total 597504K, used 417665K [0x0000000080000000, 0x00000000a4780000, 0x00000000d5580000)
  object space 597504K, 69% used [0x0000000080000000,0x00000000997e04a8,0x00000000a4780000)
 Metaspace       used 132791K, capacity 135940K, committed 146944K, reserved 1177600K
  class space    used 14653K, capacity 15341K, committed 18688K, reserved 1048576K
}
Event: 19675.340 GC heap before
{Heap before GC invocations=175 (full 23):
 PSYoungGen      total 461312K, used 460923K [0x00000000d5580000, 0x00000000fee80000, 0x0000000100000000)
  eden space 399360K, 100% used [0x00000000d5580000,0x00000000edb80000,0x00000000edb80000)
  from space 61952K, 99% used [0x00000000edb80000,0x00000000f179eee8,0x00000000f1800000)
  to   space 140800K, 0% used [0x00000000f6500000,0x00000000f6500000,0x00000000fee80000)
 ParOldGen       total 597504K, used 417665K [0x0000000080000000, 0x00000000a4780000, 0x00000000d5580000)
  object space 597504K, 69% used [0x0000000080000000,0x00000000997e04a8,0x00000000a4780000)
 Metaspace       used 132887K, capacity 136068K, committed 146944K, reserved 1177600K
  class space    used 14655K, capacity 15341K, committed 18688K, reserved 1048576K
Event: 19675.482 GC heap after
Heap after GC invocations=175 (full 23):
 PSYoungGen      total 542720K, used 43511K [0x00000000d5580000, 0x0000000100000000, 0x0000000100000000)
  eden space 401920K, 0% used [0x00000000d5580000,0x00000000d5580000,0x00000000ede00000)
  from space 140800K, 30% used [0x00000000f6500000,0x00000000f8f7dd88,0x00000000fee80000)
  to   space 138240K, 0% used [0x00000000ede00000,0x00000000ede00000,0x00000000f6500000)
 ParOldGen       total 597504K, used 471989K [0x0000000080000000, 0x00000000a4780000, 0x00000000d5580000)
  object space 597504K, 78% used [0x0000000080000000,0x000000009cced4b8,0x00000000a4780000)
 Metaspace       used 132887K, capacity 136068K, committed 146944K, reserved 1177600K
  class space    used 14655K, capacity 15341K, committed 18688K, reserved 1048576K
}
Event: 19680.701 GC heap before
{Heap before GC invocations=176 (full 23):
 PSYoungGen      total 542720K, used 445431K [0x00000000d5580000, 0x0000000100000000, 0x0000000100000000)
  eden space 401920K, 100% used [0x00000000d5580000,0x00000000ede00000,0x00000000ede00000)
  from space 140800K, 30% used [0x00000000f6500000,0x00000000f8f7dd88,0x00000000fee80000)
  to   space 138240K, 0% used [0x00000000ede00000,0x00000000ede00000,0x00000000f6500000)
 ParOldGen       total 597504K, used 471989K [0x0000000080000000, 0x00000000a4780000, 0x00000000d5580000)
  object space 597504K, 78% used [0x0000000080000000,0x000000009cced4b8,0x00000000a4780000)
 Metaspace       used 132903K, capacity 136068K, committed 146944K, reserved 1177600K
  class space    used 14655K, capacity 15341K, committed 18688K, reserved 1048576K
Event: 19680.909 GC heap after
Heap after GC invocations=176 (full 23):
 PSYoungGen      total 540160K, used 32765K [0x00000000d5580000, 0x00000000ffa80000, 0x0000000100000000)
  eden space 401920K, 0% used [0x00000000d5580000,0x00000000d5580000,0x00000000ede00000)
  from space 138240K, 23% used [0x00000000ede00000,0x00000000efdff688,0x00000000f6500000)
  to   space 136704K, 0% used [0x00000000f7500000,0x00000000f7500000,0x00000000ffa80000)
 ParOldGen       total 597504K, used 512401K [0x0000000080000000, 0x00000000a4780000, 0x00000000d5580000)
  object space 597504K, 85% used [0x0000000080000000,0x000000009f4647a8,0x00000000a4780000)
 Metaspace       used 132903K, capacity 136068K, committed 146944K, reserved 1177600K
  class space    used 14655K, capacity 15341K, committed 18688K, reserved 1048576K
}
Event: 19680.909 GC heap before
{Heap before GC invocations=177 (full 24):
 PSYoungGen      total 540160K, used 32765K [0x00000000d5580000, 0x00000000ffa80000, 0x0000000100000000)
  eden space 401920K, 0% used [0x00000000d5580000,0x00000000d5580000,0x00000000ede00000)
  from space 138240K, 23% used [0x00000000ede00000,0x00000000efdff688,0x00000000f6500000)
  to   space 136704K, 0% used [0x00000000f7500000,0x00000000f7500000,0x00000000ffa80000)
 ParOldGen       total 597504K, used 512401K [0x0000000080000000, 0x00000000a4780000, 0x00000000d5580000)
  object space 597504K, 85% used [0x0000000080000000,0x000000009f4647a8,0x00000000a4780000)
 Metaspace       used 132903K, capacity 136068K, committed 146944K, reserved 1177600K
  class space    used 14655K, capacity 15341K, committed 18688K, reserved 1048576K

